<?xml version="1.0" encoding="UTF-8"?>
<!-- Generated by org.testng.reporters.JUnitXMLReporter -->
<testsuite ignored="8" hostname="DESKTOP-C50PI6G" failures="1" tests="1" name="Default test" time="31.406" errors="0" timestamp="2024-09-11T20:20:59 IST">
  <testcase classname="CartPagesTestClasses.WishList" name="AddDuplicateProducts" time="23.002">
    <failure type="java.lang.AssertionError" message="expected [true] but found [false]">
      <![CDATA[java.lang.AssertionError: expected [true] but found [false]
at org.testng.Assert.fail(Assert.java:99)
at org.testng.Assert.failNotEquals(Assert.java:1037)
at org.testng.Assert.assertTrue(Assert.java:45)
at org.testng.Assert.assertTrue(Assert.java:55)
at CartPagesTestClasses.WishList.AddDuplicateProducts(WishList.java:139)
at java.base/jdk.internal.reflect.NativeMethodAccessorImpl.invoke0(Native Method)
at java.base/jdk.internal.reflect.NativeMethodAccessorImpl.invoke(NativeMethodAccessorImpl.java:77)
at java.base/jdk.internal.reflect.DelegatingMethodAccessorImpl.invoke(DelegatingMethodAccessorImpl.java:43)
at java.base/java.lang.reflect.Method.invoke(Method.java:568)
at org.testng.internal.MethodInvocationHelper.invokeMethod(MethodInvocationHelper.java:133)
at org.testng.internal.TestInvoker.invokeMethod(TestInvoker.java:598)
at org.testng.internal.TestInvoker.invokeTestMethod(TestInvoker.java:173)
at org.testng.internal.MethodRunner.runInSequence(MethodRunner.java:46)
at org.testng.internal.TestInvoker$MethodInvocationAgent.invoke(TestInvoker.java:824)
at org.testng.internal.TestInvoker.invokeTestMethods(TestInvoker.java:146)
at org.testng.internal.TestMethodWorker.invokeTestMethods(TestMethodWorker.java:146)
at org.testng.internal.TestMethodWorker.run(TestMethodWorker.java:128)
at java.base/java.util.ArrayList.forEach(ArrayList.java:1511)
at org.testng.TestRunner.privateRun(TestRunner.java:794)
at org.testng.TestRunner.run(TestRunner.java:596)
at org.testng.SuiteRunner.runTest(SuiteRunner.java:377)
at org.testng.SuiteRunner.runSequentially(SuiteRunner.java:371)
at org.testng.SuiteRunner.privateRun(SuiteRunner.java:332)
at org.testng.SuiteRunner.run(SuiteRunner.java:276)
at org.testng.SuiteRunnerWorker.runSuite(SuiteRunnerWorker.java:53)
at org.testng.SuiteRunnerWorker.run(SuiteRunnerWorker.java:96)
at org.testng.TestNG.runSuitesSequentially(TestNG.java:1212)
at org.testng.TestNG.runSuitesLocally(TestNG.java:1134)
at org.testng.TestNG.runSuites(TestNG.java:1063)
at org.testng.TestNG.run(TestNG.java:1031)
at org.testng.remote.AbstractRemoteTestNG.run(AbstractRemoteTestNG.java:115)
at org.testng.remote.RemoteTestNG.initAndRun(RemoteTestNG.java:293)
at org.testng.remote.RemoteTestNG.main(RemoteTestNG.java:91)
]]>
    </failure>
  </testcase> <!-- AddDuplicateProducts -->
  <testcase classname="CartPagesTestClasses.WishList" name="removeProductFromWishList" time="0.0">
    <ignored/>
  </testcase> <!-- removeProductFromWishList -->
  <testcase classname="CartPagesTestClasses.WishList" name="NavigateToWishListPage" time="0.0">
    <ignored/>
  </testcase> <!-- NavigateToWishListPage -->
  <testcase classname="CartPagesTestClasses.WishList" name="VerifyNavigationtoWishListfromFootter" time="0.0">
    <ignored/>
  </testcase> <!-- VerifyNavigationtoWishListfromFootter -->
  <testcase classname="CartPagesTestClasses.WishList" name="VerifyNavigationtoWishListfromMyAccount" time="0.0">
    <ignored/>
  </testcase> <!-- VerifyNavigationtoWishListfromMyAccount -->
  <testcase classname="CartPagesTestClasses.WishList" name="AddToWishListfromSearch" time="0.0">
    <ignored/>
  </testcase> <!-- AddToWishListfromSearch -->
  <testcase classname="CartPagesTestClasses.WishList" name="AddToWishListfromRelatedPage" time="0.0">
    <ignored/>
  </testcase> <!-- AddToWishListfromRelatedPage -->
  <testcase classname="CartPagesTestClasses.WishList" name="AddtoWishListfromHome" time="0.0">
    <ignored/>
  </testcase> <!-- AddtoWishListfromHome -->
  <testcase classname="CartPagesTestClasses.WishList" name="VerifyNavigationtoWishListfromSideMenu" time="0.0">
    <ignored/>
  </testcase> <!-- VerifyNavigationtoWishListfromSideMenu -->
</testsuite> <!-- Default test -->
