<?xml version="1.0" encoding="UTF-8"?>
<!-- Generated by org.testng.reporters.JUnitXMLReporter -->
<testsuite ignored="0" hostname="DESKTOP-C50PI6G" failures="3" tests="56" name="Test" time="260.269" errors="0" timestamp="2024-09-10T17:13:10 IST">
  <testcase classname="e_Commerce_testClasses.SearchTest" name="@BeforeMethod Setup" time="0.001">
    <failure type="java.lang.NullPointerException" message="Cannot invoke &amp;quot;org.openqa.selenium.WebDriver.get(String)&amp;quot; because &amp;quot;this.driver&amp;quot; is null">
      <![CDATA[java.lang.NullPointerException: Cannot invoke "org.openqa.selenium.WebDriver.get(String)" because "this.driver" is null
at e_Commerce_testClasses.SearchTest.Setup(SearchTest.java:39)
at java.base/java.util.ArrayList.forEach(ArrayList.java:1511)
... Removed 31 stack frames]]>
    </failure>
  </testcase> <!-- @BeforeMethod Setup -->
  <testcase classname="e_Commerce_testClasses.SearchTest" name="@AfterMethod destroy" time="-1.725968590433E9">
    <skipped/>
  </testcase> <!-- @AfterMethod destroy -->
  <testcase classname="e_Commerce_testClasses.SearchTest" name="@BeforeMethod Setup" time="-1.725968590434E9">
    <skipped/>
  </testcase> <!-- @BeforeMethod Setup -->
  <testcase classname="e_Commerce_testClasses.SearchTest" name="@AfterMethod destroy" time="-1.725968590437E9">
    <skipped/>
  </testcase> <!-- @AfterMethod destroy -->
  <testcase classname="e_Commerce_testClasses.SearchTest" name="@BeforeMethod Setup" time="-1.725968590439E9">
    <skipped/>
  </testcase> <!-- @BeforeMethod Setup -->
  <testcase classname="e_Commerce_testClasses.SearchTest" name="@AfterMethod destroy" time="-1.725968590444E9">
    <skipped/>
  </testcase> <!-- @AfterMethod destroy -->
  <testcase classname="e_Commerce_testClasses.SearchTest" name="@BeforeMethod Setup" time="-1.725968590445E9">
    <skipped/>
  </testcase> <!-- @BeforeMethod Setup -->
  <testcase classname="e_Commerce_testClasses.SearchTest" name="@AfterMethod destroy" time="-1.725968590449E9">
    <skipped/>
  </testcase> <!-- @AfterMethod destroy -->
  <testcase classname="e_Commerce_testClasses.SearchTest" name="@BeforeMethod Setup" time="-1.725968590451E9">
    <skipped/>
  </testcase> <!-- @BeforeMethod Setup -->
  <testcase classname="e_Commerce_testClasses.SearchTest" name="@AfterMethod destroy" time="-1.725968590454E9">
    <skipped/>
  </testcase> <!-- @AfterMethod destroy -->
  <testcase classname="e_Commerce_testClasses.SearchTest" name="@BeforeMethod Setup" time="-1.725968590459E9">
    <skipped/>
  </testcase> <!-- @BeforeMethod Setup -->
  <testcase classname="e_Commerce_testClasses.SearchTest" name="@AfterMethod destroy" time="-1.725968590462E9">
    <skipped/>
  </testcase> <!-- @AfterMethod destroy -->
  <testcase classname="e_Commerce_testClasses.SearchTest" name="@BeforeMethod Setup" time="-1.725968590464E9">
    <skipped/>
  </testcase> <!-- @BeforeMethod Setup -->
  <testcase classname="e_Commerce_testClasses.SearchTest" name="@AfterMethod destroy" time="-1.725968590467E9">
    <skipped/>
  </testcase> <!-- @AfterMethod destroy -->
  <testcase classname="e_Commerce_testClasses.SearchTest" name="@BeforeMethod Setup" time="-1.725968590469E9">
    <skipped/>
  </testcase> <!-- @BeforeMethod Setup -->
  <testcase classname="e_Commerce_testClasses.SearchTest" name="@AfterMethod destroy" time="-1.725968590473E9">
    <skipped/>
  </testcase> <!-- @AfterMethod destroy -->
  <testcase classname="e_Commerce_testClasses.SearchTest" name="@BeforeMethod Setup" time="-1.725968590476E9">
    <skipped/>
  </testcase> <!-- @BeforeMethod Setup -->
  <testcase classname="e_Commerce_testClasses.SearchTest" name="@AfterMethod destroy" time="-1.725968590479E9">
    <skipped/>
  </testcase> <!-- @AfterMethod destroy -->
  <testcase classname="e_Commerce_testClasses.SearchTest" name="@BeforeMethod Setup" time="-1.725968590481E9">
    <skipped/>
  </testcase> <!-- @BeforeMethod Setup -->
  <testcase classname="e_Commerce_testClasses.SearchTest" name="@AfterMethod destroy" time="-1.725968590484E9">
    <skipped/>
  </testcase> <!-- @AfterMethod destroy -->
  <testcase classname="e_Commerce_testClasses.SearchTest" name="@BeforeMethod Setup" time="-1.725968590485E9">
    <skipped/>
  </testcase> <!-- @BeforeMethod Setup -->
  <testcase classname="e_Commerce_testClasses.SearchTest" name="@AfterMethod destroy" time="-1.725968590489E9">
    <skipped/>
  </testcase> <!-- @AfterMethod destroy -->
  <testcase classname="e_Commerce_testClasses.SearchTest" name="@BeforeMethod Setup" time="-1.725968590491E9">
    <skipped/>
  </testcase> <!-- @BeforeMethod Setup -->
  <testcase classname="e_Commerce_testClasses.SearchTest" name="@AfterMethod destroy" time="-1.725968590495E9">
    <skipped/>
  </testcase> <!-- @AfterMethod destroy -->
  <testcase classname="e_Commerce_testClasses.SearchTest" name="@BeforeMethod Setup" time="-1.725968590496E9">
    <skipped/>
  </testcase> <!-- @BeforeMethod Setup -->
  <testcase classname="e_Commerce_testClasses.SearchTest" name="@AfterMethod destroy" time="-1.7259685905E9">
    <skipped/>
  </testcase> <!-- @AfterMethod destroy -->
  <testcase classname="e_Commerce_testClasses.SearchTest" name="@BeforeMethod Setup" time="-1.725968590502E9">
    <skipped/>
  </testcase> <!-- @BeforeMethod Setup -->
  <testcase classname="e_Commerce_testClasses.SearchTest" name="@AfterMethod destroy" time="-1.725968590511E9">
    <skipped/>
  </testcase> <!-- @AfterMethod destroy -->
  <testcase classname="e_Commerce_testClasses.SearchTest" name="@BeforeMethod Setup" time="-1.725968590512E9">
    <skipped/>
  </testcase> <!-- @BeforeMethod Setup -->
  <testcase classname="e_Commerce_testClasses.SearchTest" name="@AfterMethod destroy" time="-1.725968590525E9">
    <skipped/>
  </testcase> <!-- @AfterMethod destroy -->
  <testcase classname="e_Commerce_testClasses.SearchTest" name="@BeforeMethod Setup" time="-1.725968590528E9">
    <skipped/>
  </testcase> <!-- @BeforeMethod Setup -->
  <testcase classname="e_Commerce_testClasses.SearchTest" name="@AfterMethod destroy" time="-1.725968590532E9">
    <skipped/>
  </testcase> <!-- @AfterMethod destroy -->
  <testcase classname="e_Commerce_testClasses.SearchTest" name="@BeforeMethod Setup" time="-1.725968590534E9">
    <skipped/>
  </testcase> <!-- @BeforeMethod Setup -->
  <testcase classname="e_Commerce_testClasses.SearchTest" name="@AfterMethod destroy" time="-1.725968590545E9">
    <skipped/>
  </testcase> <!-- @AfterMethod destroy -->
  <testcase classname="e_Commerce_testClasses.SearchTest" name="@BeforeMethod Setup" time="-1.725968590547E9">
    <skipped/>
  </testcase> <!-- @BeforeMethod Setup -->
  <testcase classname="e_Commerce_testClasses.SearchTest" name="@AfterMethod destroy" time="-1.725968590554E9">
    <skipped/>
  </testcase> <!-- @AfterMethod destroy -->
  <testcase classname="e_Commerce_testClasses.SearchTest" name="@BeforeMethod Setup" time="-1.725968590558E9">
    <skipped/>
  </testcase> <!-- @BeforeMethod Setup -->
  <testcase classname="e_Commerce_testClasses.SearchTest" name="@AfterMethod destroy" time="-1.725968590566E9">
    <skipped/>
  </testcase> <!-- @AfterMethod destroy -->
  <testcase classname="e_Commerce_testClasses.SearchTest" name="@BeforeMethod Setup" time="-1.725968590568E9">
    <skipped/>
  </testcase> <!-- @BeforeMethod Setup -->
  <testcase classname="e_Commerce_testClasses.SearchTest" name="@AfterMethod destroy" time="-1.725968590571E9">
    <skipped/>
  </testcase> <!-- @AfterMethod destroy -->
  <testcase classname="e_Commerce_testClasses.SearchTest" name="@BeforeMethod Setup" time="-1.725968590574E9">
    <skipped/>
  </testcase> <!-- @BeforeMethod Setup -->
  <testcase classname="e_Commerce_testClasses.SearchTest" name="@AfterMethod destroy" time="-1.72596859058E9">
    <skipped/>
  </testcase> <!-- @AfterMethod destroy -->
  <testcase classname="e_Commerce_testClasses.LoginPage" name="LoginWithcredentials" time="3.923"/>
  <testcase classname="e_Commerce_testClasses.LoginPage" name="LoginWithKeyboardkeys" time="2.389"/>
  <testcase classname="e_Commerce_testClasses.LoginPage" name="LoginWithInvalidcredentials" time="1.957"/>
  <testcase classname="e_Commerce_testClasses.LoginPage" name="LoginWithInvalidEmail" time="1.731"/>
  <testcase classname="e_Commerce_testClasses.LoginPage" name="LoginWithInvalidPassword" time="1.804"/>
  <testcase classname="e_Commerce_testClasses.LoginPage" name="ForgotLink" time="1.155"/>
  <testcase classname="e_Commerce_testClasses.LoginPage" name="LoginAndLogout" time="2.978"/>
  <testcase classname="e_Commerce_testClasses.LoginPage" name="PasswordResetandLogin" time="2.489"/>
  <testcase classname="e_Commerce_testClasses.LoginPage" name="verifyNavigationFromLoginPageToEditAccount" time="2.912"/>
  <testcase classname="e_Commerce_testClasses.LoginPage" name="verifyNavigationFromLoginPageToDownloads" time="2.943"/>
  <testcase classname="e_Commerce_testClasses.LoginPage" name="verifyNavigationFromLoginPageToWishList" time="2.609"/>
  <testcase classname="e_Commerce_testClasses.LoginPage" name="verifyNavigationFromLoginPageToPassword" time="2.727"/>
  <testcase classname="e_Commerce_testClasses.LoginPage" name="verifyNavigationFromLoginPageToRecurringPayments" time="2.516"/>
  <testcase classname="e_Commerce_testClasses.ProductDisplay" name="ProductDetails" time="2.062"/>
  <testcase classname="e_Commerce_testClasses.ProductDisplay" name="verifyImageThumbnails" time="2.446"/>
  <testcase classname="e_Commerce_testClasses.ProductDisplay" name="verifyNegativeQuantity" time="4.551"/>
  <testcase classname="e_Commerce_testClasses.ProductDisplay" name="verifyproductquantity" time="2.573"/>
  <testcase classname="e_Commerce_testClasses.LogoutPageTestCases" name="CheckLogoutAndLogin" time="4.986"/>
  <testcase classname="e_Commerce_testClasses.LogoutPageTestCases" name="Logout_functionAndNavigateBack" time="5.953"/>
  <testcase classname="e_Commerce_testClasses.LogoutPageTestCases" name="Logout_functionality1" time="5.573"/>
  <testcase classname="e_Commerce_testClasses.LogoutPageTestCases" name="Logout_functionalityBySideMenu" time="3.49"/>
  <testcase classname="e_Commerce_testClasses.CompareProduct" name="AddProductCompareFromFeaturedSection" time="2.194"/>
  <testcase classname="e_Commerce_testClasses.CompareProduct" name="AddProductToCart" time="4.329"/>
  <testcase classname="e_Commerce_testClasses.CompareProduct" name="AddproductusingListView" time="5.943"/>
  <testcase classname="e_Commerce_testClasses.CompareProduct" name="DisplayProductonComparePage" time="1.664"/>
  <testcase classname="e_Commerce_testClasses.CompareProduct" name="DisplayproductusingGridView" time="2.659">
    <failure type="org.openqa.selenium.ElementClickInterceptedException" message="element click intercepted: Element &amp;lt;a href=&amp;quot;https://tutorialsninja.com/demo/index.php?route=product/compare&amp;quot;&amp;gt;...&amp;lt;/a&amp;gt; is not clickable at point (491, 81). Other element would receive the click: &amp;lt;div class=&amp;quot;col-sm-4&amp;quot;&amp;gt;...&amp;lt;/div&amp;gt;
  (Session info: chrome=128.0.6613.120)
Build info: version: &amp;apos;4.23.1&amp;apos;, revision: &amp;apos;656257d8e9&amp;apos;
System info: os.name: &amp;apos;Windows 11&amp;apos;, os.arch: &amp;apos;amd64&amp;apos;, os.version: &amp;apos;10.0&amp;apos;, java.version: &amp;apos;17.0.11&amp;apos;
Driver info: org.openqa.selenium.chrome.ChromeDriver
Command: [746f795942b2d6a6680d2e95c4a0a6d5, clickElement {id=f.292DD2F025E56A769217B2CE6837E0E6.d.2762EA8991FEE5D622E39242422879CF.e.91}]
Capabilities {acceptInsecureCerts: false, browserName: chrome, browserVersion: 128.0.6613.120, chrome: {chromedriverVersion: 128.0.6613.119 (6e439cfca4d..., userDataDir: C:\Users\Parvez Shaikh\AppD...}, fedcm:accounts: true, goog:chromeOptions: {debuggerAddress: localhost:63934}, networkConnectionEnabled: false, pageLoadStrategy: normal, platformName: windows, proxy: Proxy(), se:cdp: ws://localhost:63934/devtoo..., se:cdpVersion: 128.0.6613.120, setWindowRect: true, strictFileInteractability: false, timeouts: {implicit: 0, pageLoad: 300000, script: 30000}, unhandledPromptBehavior: dismiss and notify, webauthn:extension:credBlob: true, webauthn:extension:largeBlob: true, webauthn:extension:minPinLength: true, webauthn:extension:prf: true, webauthn:virtualAuthenticators: true}
Element: [[ChromeDriver: chrome on windows (746f795942b2d6a6680d2e95c4a0a6d5)] -&amp;gt; link text: product comparison]
Session ID: 746f795942b2d6a6680d2e95c4a0a6d5">
      <![CDATA[org.openqa.selenium.ElementClickInterceptedException: element click intercepted: Element <a href="https://tutorialsninja.com/demo/index.php?route=product/compare">...</a> is not clickable at point (491, 81). Other element would receive the click: <div class="col-sm-4">...</div>
  (Session info: chrome=128.0.6613.120)
Build info: version: '4.23.1', revision: '656257d8e9'
System info: os.name: 'Windows 11', os.arch: 'amd64', os.version: '10.0', java.version: '17.0.11'
Driver info: org.openqa.selenium.chrome.ChromeDriver
Command: [746f795942b2d6a6680d2e95c4a0a6d5, clickElement {id=f.292DD2F025E56A769217B2CE6837E0E6.d.2762EA8991FEE5D622E39242422879CF.e.91}]
Capabilities {acceptInsecureCerts: false, browserName: chrome, browserVersion: 128.0.6613.120, chrome: {chromedriverVersion: 128.0.6613.119 (6e439cfca4d..., userDataDir: C:\Users\Parvez Shaikh\AppD...}, fedcm:accounts: true, goog:chromeOptions: {debuggerAddress: localhost:63934}, networkConnectionEnabled: false, pageLoadStrategy: normal, platformName: windows, proxy: Proxy(), se:cdp: ws://localhost:63934/devtoo..., se:cdpVersion: 128.0.6613.120, setWindowRect: true, strictFileInteractability: false, timeouts: {implicit: 0, pageLoad: 300000, script: 30000}, unhandledPromptBehavior: dismiss and notify, webauthn:extension:credBlob: true, webauthn:extension:largeBlob: true, webauthn:extension:minPinLength: true, webauthn:extension:prf: true, webauthn:virtualAuthenticators: true}
Element: [[ChromeDriver: chrome on windows (746f795942b2d6a6680d2e95c4a0a6d5)] -> link text: product comparison]
Session ID: 746f795942b2d6a6680d2e95c4a0a6d5
at org.openqa.selenium.remote.ErrorCodec.decode(ErrorCodec.java:167)
at org.openqa.selenium.remote.codec.w3c.W3CHttpResponseCodec.decode(W3CHttpResponseCodec.java:138)
at org.openqa.selenium.remote.codec.w3c.W3CHttpResponseCodec.decode(W3CHttpResponseCodec.java:50)
at org.openqa.selenium.remote.HttpCommandExecutor.execute(HttpCommandExecutor.java:190)
at org.openqa.selenium.remote.service.DriverCommandExecutor.invokeExecute(DriverCommandExecutor.java:216)
at org.openqa.selenium.remote.service.DriverCommandExecutor.execute(DriverCommandExecutor.java:174)
at org.openqa.selenium.remote.RemoteWebDriver.execute(RemoteWebDriver.java:545)
at org.openqa.selenium.remote.RemoteWebElement.execute(RemoteWebElement.java:223)
at org.openqa.selenium.remote.RemoteWebElement.click(RemoteWebElement.java:76)
at org.openqa.selenium.support.pagefactory.internal.LocatingElementHandler.invoke(LocatingElementHandler.java:51)
at jdk.proxy2/jdk.proxy2.$Proxy13.click(Unknown Source)
at E_commerce_Project.My_Project.CompareproductMethods.comparePagelink(CompareproductMethods.java:111)
at e_Commerce_testClasses.CompareProduct.DisplayproductusingGridView(CompareProduct.java:61)
at java.base/java.util.ArrayList.forEach(ArrayList.java:1511)
... Removed 35 stack frames]]>
    </failure>
  </testcase> <!-- DisplayproductusingGridView -->
  <testcase classname="e_Commerce_testClasses.CompareProduct" name="NavigatetoProductComparePageAndNavigateBack" time="2.388"/>
  <testcase classname="e_Commerce_testClasses.CompareProduct" name="NavigatetoProductComparePagefromSearch" time="1.447">
    <failure type="java.lang.AssertionError" message="expected [true] but found [false]">
      <![CDATA[java.lang.AssertionError: expected [true] but found [false]
at e_Commerce_testClasses.CompareProduct.NavigatetoProductComparePagefromSearch(CompareProduct.java:95)
at java.base/java.util.ArrayList.forEach(ArrayList.java:1511)
... Removed 31 stack frames]]>
    </failure>
  </testcase> <!-- NavigatetoProductComparePagefromSearch -->
  <testcase classname="e_Commerce_testClasses.CompareProduct" name="NavigatetoProductComparePagewithoutProduct" time="1.784"/>
  <testcase classname="e_Commerce_testClasses.CompareProduct" name="ProductCompareBreadcrumb" time="3.202"/>
  <testcase classname="e_Commerce_testClasses.CompareProduct" name="ProductsDisplayedAfteromparison" time="3.72"/>
  <testcase classname="e_Commerce_testClasses.CompareProduct" name="RemoveProductFRomCart" time="4.441"/>
  <testcase classname="e_Commerce_testClasses.ResetPass" name="LoginBeforeResetPassword" time="1.614"/>
  <testcase classname="e_Commerce_testClasses.ResetPass" name="ResetPassword" time="2.035"/>
  <testcase classname="e_Commerce_testClasses.ResetPass" name="ResetPasswordwithincorrectEmail" time="7.188">
    <failure type="org.openqa.selenium.TimeoutException" message="Expected condition failed: waiting for visibility of element located by By.xpath: //div[@class=&amp;apos;alert alert-danger alert-dismissible&amp;apos;] (tried for 5 second(s) with 500 milliseconds interval)
Build info: version: &amp;apos;4.23.1&amp;apos;, revision: &amp;apos;656257d8e9&amp;apos;
System info: os.name: &amp;apos;Windows 11&amp;apos;, os.arch: &amp;apos;amd64&amp;apos;, os.version: &amp;apos;10.0&amp;apos;, java.version: &amp;apos;17.0.11&amp;apos;
Driver info: org.openqa.selenium.chrome.ChromeDriver
Capabilities {acceptInsecureCerts: false, browserName: chrome, browserVersion: 128.0.6613.120, chrome: {chromedriverVersion: 128.0.6613.119 (6e439cfca4d..., userDataDir: C:\Users\Parvez Shaikh\AppD...}, fedcm:accounts: true, goog:chromeOptions: {debuggerAddress: localhost:64107}, networkConnectionEnabled: false, pageLoadStrategy: normal, platformName: windows, proxy: Proxy(), se:cdp: ws://localhost:64107/devtoo..., se:cdpVersion: 128.0.6613.120, setWindowRect: true, strictFileInteractability: false, timeouts: {implicit: 0, pageLoad: 300000, script: 30000}, unhandledPromptBehavior: dismiss and notify, webauthn:extension:credBlob: true, webauthn:extension:largeBlob: true, webauthn:extension:minPinLength: true, webauthn:extension:prf: true, webauthn:virtualAuthenticators: true}
Session ID: 7c267e02225849b1249462f340d072c9">
      <![CDATA[org.openqa.selenium.TimeoutException: Expected condition failed: waiting for visibility of element located by By.xpath: //div[@class='alert alert-danger alert-dismissible'] (tried for 5 second(s) with 500 milliseconds interval)
Build info: version: '4.23.1', revision: '656257d8e9'
System info: os.name: 'Windows 11', os.arch: 'amd64', os.version: '10.0', java.version: '17.0.11'
Driver info: org.openqa.selenium.chrome.ChromeDriver
Capabilities {acceptInsecureCerts: false, browserName: chrome, browserVersion: 128.0.6613.120, chrome: {chromedriverVersion: 128.0.6613.119 (6e439cfca4d..., userDataDir: C:\Users\Parvez Shaikh\AppD...}, fedcm:accounts: true, goog:chromeOptions: {debuggerAddress: localhost:64107}, networkConnectionEnabled: false, pageLoadStrategy: normal, platformName: windows, proxy: Proxy(), se:cdp: ws://localhost:64107/devtoo..., se:cdpVersion: 128.0.6613.120, setWindowRect: true, strictFileInteractability: false, timeouts: {implicit: 0, pageLoad: 300000, script: 30000}, unhandledPromptBehavior: dismiss and notify, webauthn:extension:credBlob: true, webauthn:extension:largeBlob: true, webauthn:extension:minPinLength: true, webauthn:extension:prf: true, webauthn:virtualAuthenticators: true}
Session ID: 7c267e02225849b1249462f340d072c9
at org.openqa.selenium.support.ui.WebDriverWait.timeoutException(WebDriverWait.java:84)
at org.openqa.selenium.support.ui.FluentWait.until(FluentWait.java:228)
at e_Commerce_testClasses.ResetPass.ResetPasswordwithincorrectEmail(ResetPass.java:60)
at java.base/java.util.ArrayList.forEach(ArrayList.java:1511)
... Removed 27 stack frames]]>
    </failure>
  </testcase> <!-- ResetPasswordwithincorrectEmail -->
  <testcase classname="e_Commerce_testClasses.SearchTest" name="CheckProdctAddedtoComparison" time="0.0">
    <skipped/>
  </testcase> <!-- CheckProdctAddedtoComparison -->
  <testcase classname="e_Commerce_testClasses.SearchTest" name="ListViewforProducts" time="0.0">
    <skipped/>
  </testcase> <!-- ListViewforProducts -->
  <testcase classname="e_Commerce_testClasses.SearchTest" name="NoOFResult100" time="0.0">
    <skipped/>
  </testcase> <!-- NoOFResult100 -->
  <testcase classname="e_Commerce_testClasses.SearchTest" name="NoOFResult25" time="0.0">
    <skipped/>
  </testcase> <!-- NoOFResult25 -->
  <testcase classname="e_Commerce_testClasses.SearchTest" name="NoOFResult50" time="0.0">
    <skipped/>
  </testcase> <!-- NoOFResult50 -->
  <testcase classname="e_Commerce_testClasses.SearchTest" name="NoOFResult75" time="0.0">
    <skipped/>
  </testcase> <!-- NoOFResult75 -->
  <testcase classname="e_Commerce_testClasses.SearchTest" name="SearchAfterLogin" time="0.0">
    <skipped/>
  </testcase> <!-- SearchAfterLogin -->
  <testcase classname="e_Commerce_testClasses.SearchTest" name="SearchMultipeProducts" time="0.0">
    <skipped/>
  </testcase> <!-- SearchMultipeProducts -->
  <testcase classname="e_Commerce_testClasses.SearchTest" name="SearchUsingSubcategory" time="0.0">
    <skipped/>
  </testcase> <!-- SearchUsingSubcategory -->
  <testcase classname="e_Commerce_testClasses.SearchTest" name="SearchWithExistingproductName" time="0.0">
    <skipped/>
  </testcase> <!-- SearchWithExistingproductName -->
  <testcase classname="e_Commerce_testClasses.SearchTest" name="SearchWithNonExistingproductName" time="0.0">
    <skipped/>
  </testcase> <!-- SearchWithNonExistingproductName -->
  <testcase classname="e_Commerce_testClasses.SearchTest" name="SearchusingSearchCriteriaField" time="0.0">
    <skipped/>
  </testcase> <!-- SearchusingSearchCriteriaField -->
  <testcase classname="e_Commerce_testClasses.SearchTest" name="SearchwithoutproductName" time="0.0">
    <skipped/>
  </testcase> <!-- SearchwithoutproductName -->
  <testcase classname="e_Commerce_testClasses.SearchTest" name="SortProductsByAscOrder" time="0.0">
    <skipped/>
  </testcase> <!-- SortProductsByAscOrder -->
  <testcase classname="e_Commerce_testClasses.SearchTest" name="SortProductsByDescOrder" time="0.0">
    <skipped/>
  </testcase> <!-- SortProductsByDescOrder -->
  <testcase classname="e_Commerce_testClasses.SearchTest" name="SortProductsByHighPrice" time="0.0">
    <skipped/>
  </testcase> <!-- SortProductsByHighPrice -->
  <testcase classname="e_Commerce_testClasses.SearchTest" name="SortProductsByHighRating" time="0.001">
    <skipped/>
  </testcase> <!-- SortProductsByHighRating -->
  <testcase classname="e_Commerce_testClasses.SearchTest" name="SortProductsByLowPrice" time="0.0">
    <skipped/>
  </testcase> <!-- SortProductsByLowPrice -->
  <testcase classname="e_Commerce_testClasses.SearchTest" name="SortProductsByLowRating" time="0.0">
    <skipped/>
  </testcase> <!-- SortProductsByLowRating -->
  <testcase classname="e_Commerce_testClasses.SearchTest" name="SortProductsByModelAtoZ" time="0.0">
    <skipped/>
  </testcase> <!-- SortProductsByModelAtoZ -->
  <testcase classname="e_Commerce_testClasses.SearchTest" name="SortProductsByModelZtoA" time="0.0">
    <skipped/>
  </testcase> <!-- SortProductsByModelZtoA -->
</testsuite> <!-- Test -->
